<?xml version="1.0" encoding="UTF-8"?>
<!-- Generated by org.testng.reporters.JUnitReportReporter -->
<testsuite hostname="XPN-VM" name="week2POM3DataDriven6Grid.AddProjectByGridPageObjectsTest" tests="3" failures="0" timestamp="20 Jan 2016 20:10:36 GMT" time="53.314" errors="0">
  <testcase name="editProjectTest" time="5.258" classname="week2POM3DataDriven6Grid.AddProjectByGridPageObjectsTest"/>
  <testcase name="creatProjectTest" time="6.763" classname="week2POM3DataDriven6Grid.AddProjectByGridPageObjectsTest"/>
  <testcase name="deleteProjectTest" time="41.293" classname="week2POM3DataDriven6Grid.AddProjectByGridPageObjectsTest"/>
</testsuite> <!-- week2POM3DataDriven6Grid.AddProjectByGridPageObjectsTest -->
