<?xml version="1.0" encoding="UTF-8"?>
<!-- Generated by org.testng.reporters.JUnitReportReporter -->
<testsuite hostname="KNY-Dell1210" name="testXpathContainsSiblingAncestor.AncestorInXpath" tests="1" failures="0" timestamp="22 Dec 2015 16:45:43 GMT" time="10.771" errors="0">
  <testcase name="testAncestorInXpath" time="10.771" classname="testXpathContainsSiblingAncestor.AncestorInXpath"/>
</testsuite> <!-- testXpathContainsSiblingAncestor.AncestorInXpath -->
