<?xml version="1.0" encoding="UTF-8"?>
<!-- Generated by org.testng.reporters.JUnitReportReporter -->
<testsuite hostname="XPN-VM" name="jenkinsTests.AddProjectExportAndGridPageObjectsTest" tests="1" failures="0" timestamp="12 Jan 2016 23:48:25 GMT" time="17.126" errors="0">
  <testcase name="testExportToJava" time="17.126" classname="jenkinsTests.AddProjectExportAndGridPageObjectsTest"/>
</testsuite> <!-- jenkinsTests.AddProjectExportAndGridPageObjectsTest -->
