<?xml version="1.0" encoding="UTF-8"?>
<!-- Generated by org.testng.reporters.JUnitReportReporter -->
<testsuite hostname="KNY-Dell1210" name="example.NewTest" tests="1" failures="0" timestamp="21 Dec 2015 21:52:10 GMT" time="4.907" errors="0">
  <testcase name="testEasy" time="4.907" classname="example.NewTest"/>
</testsuite> <!-- example.NewTest -->
