<?xml version="1.0" encoding="UTF-8"?>
<!-- Generated by org.testng.reporters.JUnitReportReporter -->
<testsuite hostname="XPN-VM" name="runMultipleMethods.CopyOfGmailDataDrivenTestBreakup" tests="4" failures="0" timestamp="6 Jan 2016 19:37:27 GMT" time="111.725" errors="0">
  <testcase name="testCase04" time="13.715" classname="runMultipleMethods.CopyOfGmailDataDrivenTestBreakup"/>
  <testcase name="testCase04" time="42.639" classname="runMultipleMethods.CopyOfGmailDataDrivenTestBreakup"/>
  <testcase name="testCase04" time="14.410" classname="runMultipleMethods.CopyOfGmailDataDrivenTestBreakup"/>
  <testcase name="testCase04" time="40.961" classname="runMultipleMethods.CopyOfGmailDataDrivenTestBreakup"/>
</testsuite> <!-- runMultipleMethods.CopyOfGmailDataDrivenTestBreakup -->
