<?xml version="1.0" encoding="UTF-8"?>
<!-- Generated by org.testng.reporters.JUnitReportReporter -->
<testsuite hostname="XPN-VM" name="jenkinsTests.AddProjectExportAndGridPageObjectsTest" tests="1" failures="0" timestamp="19 Jan 2016 16:35:24 GMT" time="28.347" errors="0">
  <testcase name="testExportToJava" time="28.347" classname="jenkinsTests.AddProjectExportAndGridPageObjectsTest"/>
</testsuite> <!-- jenkinsTests.AddProjectExportAndGridPageObjectsTest -->
