<?xml version="1.0" encoding="UTF-8"?>
<!-- Generated by org.testng.reporters.JUnitReportReporter -->
<testsuite hostname="XPN-VM" name="week2POM3DataDriven6Grid.AddProjectByGridPageObjectsTest" tests="2" failures="0" timestamp="22 Jan 2016 20:37:14 GMT" time="8.144" errors="0">
  <testcase name="creatProjectTestToSearchOnHomePage" time="7.239" classname="week2POM3DataDriven6Grid.AddProjectByGridPageObjectsTest"/>
  <testcase name="searchHomePageForNewlyCreatedProjectTestingTheVariousWaysToUseXpathInTables" time="0.905" classname="week2POM3DataDriven6Grid.AddProjectByGridPageObjectsTest"/>
</testsuite> <!-- week2POM3DataDriven6Grid.AddProjectByGridPageObjectsTest -->
