<?xml version="1.0" encoding="UTF-8"?>
<!-- Generated by org.testng.reporters.JUnitReportReporter -->
<testsuite hostname="XPN-VM" name="runMultipleMethods.TestGuru99MultipleSession" tests="3" failures="0" timestamp="5 Jan 2016 21:51:00 GMT" time="46.305" errors="0">
  <testcase name="executSessionOne" time="17.766" classname="runMultipleMethods.TestGuru99MultipleSession"/>
  <testcase name="executeSessionTwo" time="15.984" classname="runMultipleMethods.TestGuru99MultipleSession"/>
  <testcase name="executSessionThree" time="12.555" classname="runMultipleMethods.TestGuru99MultipleSession"/>
</testsuite> <!-- runMultipleMethods.TestGuru99MultipleSession -->
