<?xml version="1.0" encoding="UTF-8"?>
<!-- Generated by org.testng.reporters.JUnitReportReporter -->
<testsuite hostname="XPN-VM" name="jenkinsTests.AddProjectExportAndGridPageObjectsTest" tests="1" failures="0" timestamp="14 Jan 2016 20:27:27 GMT" time="23.028" errors="0">
  <testcase name="testExportToJava" time="23.028" classname="jenkinsTests.AddProjectExportAndGridPageObjectsTest"/>
</testsuite> <!-- jenkinsTests.AddProjectExportAndGridPageObjectsTest -->
