<?xml version="1.0" encoding="UTF-8"?>
<!-- Generated by org.testng.reporters.JUnitReportReporter -->
<testsuite hostname="XPN-VM" name="jenkinsTests.AddProjectExportAndGrid" tests="1" failures="0" timestamp="11 Jan 2016 17:41:41 GMT" time="14.385" errors="0">
  <testcase name="testExportToJava" time="14.385" classname="jenkinsTests.AddProjectExportAndGrid"/>
</testsuite> <!-- jenkinsTests.AddProjectExportAndGrid -->
