<?xml version="1.0" encoding="UTF-8"?>
<!-- Generated by org.testng.reporters.JUnitReportReporter -->
<testsuite hostname="KNY-Dell1210" name="Guru99TakeScreenshot.Guru99TakeScreenshot" tests="1" failures="0" timestamp="22 Dec 2015 01:33:29 GMT" time="6.878" errors="0">
  <testcase name="testGuru99TakeScreenShot" time="6.878" classname="Guru99TakeScreenshot.Guru99TakeScreenshot"/>
</testsuite> <!-- Guru99TakeScreenshot.Guru99TakeScreenshot -->
