<?xml version="1.0" encoding="UTF-8"?>
<!-- Generated by org.testng.reporters.JUnitReportReporter -->
<testsuite hostname="XPN-VM" name="gmailTests.loginGmailTest" tests="4" failures="0" timestamp="6 Jan 2016 21:57:45 GMT" time="122.236" errors="0">
  <testcase name="loginTest" time="20.241" classname="gmailTests.loginGmailTest"/>
  <testcase name="loginTest" time="46.226" classname="gmailTests.loginGmailTest"/>
  <testcase name="loginTest" time="15.368" classname="gmailTests.loginGmailTest"/>
  <testcase name="loginTest" time="40.401" classname="gmailTests.loginGmailTest"/>
</testsuite> <!-- gmailTests.loginGmailTest -->
