<?xml version="1.0" encoding="UTF-8"?>
<!-- Generated by org.testng.reporters.JUnitReportReporter -->
<testsuite hostname="XPN-VM" name="runMultipleMethods.LoginGmailCrossBrowser" tests="3" failures="0" timestamp="5 Jan 2016 21:59:48 GMT" time="47.250" errors="0">
  <testcase name="executSessionOne" time="19.933" classname="runMultipleMethods.LoginGmailCrossBrowser"/>
  <testcase name="executeSessionTwo" time="13.763" classname="runMultipleMethods.LoginGmailCrossBrowser"/>
  <testcase name="executSessionThree" time="13.554" classname="runMultipleMethods.LoginGmailCrossBrowser"/>
</testsuite> <!-- runMultipleMethods.LoginGmailCrossBrowser -->
