<?xml version="1.0" encoding="UTF-8"?>
<!-- Generated by org.testng.reporters.JUnitReportReporter -->
<testsuite hostname="XPN-VM" name="runMultipleMethods.GmailDataDrivenTest" tests="4" failures="0" timestamp="6 Jan 2016 19:00:22 GMT" time="125.201" errors="0">
  <testcase name="testCase04" time="42.405" classname="runMultipleMethods.GmailDataDrivenTest"/>
  <testcase name="testCase04" time="20.770" classname="runMultipleMethods.GmailDataDrivenTest"/>
  <testcase name="testCase04" time="45.365" classname="runMultipleMethods.GmailDataDrivenTest"/>
  <testcase name="testCase04" time="16.661" classname="runMultipleMethods.GmailDataDrivenTest"/>
</testsuite> <!-- runMultipleMethods.GmailDataDrivenTest -->
