<?xml version="1.0" encoding="UTF-8"?>
<!-- Generated by org.testng.reporters.JUnitReportReporter -->
<testsuite hostname="KNY-Dell1210" name="testXpathContainsSiblingAncestor.SiblingAndParentInXpath" tests="1" failures="0" timestamp="22 Dec 2015 16:22:09 GMT" time="16.432" errors="0">
  <testcase name="testSiblingAndParentInXpath" time="16.432" classname="testXpathContainsSiblingAncestor.SiblingAndParentInXpath"/>
</testsuite> <!-- testXpathContainsSiblingAncestor.SiblingAndParentInXpath -->
