<?xml version="1.0" encoding="UTF-8"?>
<testsuite name="TestBrowsers" time="713.243" tests="3" errors="1" skipped="0" failures="0">
  <properties>
    <property name="java.vendor" value="Oracle Corporation"/>
    <property name="JOB_NAME" value="_Run Selenium"/>
    <property name="sun.java.launcher" value="SUN_STANDARD"/>
    <property name="windows_tracing_logfile" value="C:\BVTBin\Tests\installpackage\csilogfile.log"/>
    <property name="NUMBER_OF_PROCESSORS" value="1"/>
    <property name="sun.management.compiler" value="HotSpot Client Compiler"/>
    <property name="JENKINS_HOME" value="C:\Program Files\Jenkins"/>
    <property name="HUDSON_SERVER_COOKIE" value="cbb50deead534daf"/>
    <property name="POM_ARTIFACTID" value="Week5"/>
    <property name="os.name" value="Windows 7"/>
    <property name="sun.boot.class.path" value="C:\Program Files\Java\jdk1.7.0_07\jre\lib\resources.jar;C:\Program Files\Java\jdk1.7.0_07\jre\lib\rt.jar;C:\Program Files\Java\jdk1.7.0_07\jre\lib\sunrsasign.jar;C:\Program Files\Java\jdk1.7.0_07\jre\lib\jsse.jar;C:\Program Files\Java\jdk1.7.0_07\jre\lib\jce.jar;C:\Program Files\Java\jdk1.7.0_07\jre\lib\charsets.jar;C:\Program Files\Java\jdk1.7.0_07\jre\lib\jfr.jar;C:\Program Files\Java\jdk1.7.0_07\jre\classes"/>
    <property name="EXECUTOR_NUMBER" value="0"/>
    <property name="sun.desktop" value="windows"/>
    <property name="PATHEXT" value=".COM;.EXE;.BAT;.CMD;.VBS;.VBE;.JS;.JSE;.WSF;.WSH;.MSC"/>
    <property name="java.vm.specification.vendor" value="Oracle Corporation"/>
    <property name="POM_DISPLAYNAME" value="Week5"/>
    <property name="NODE_LABELS" value="master"/>
    <property name="TEMP" value="C:\Windows\TEMP"/>
    <property name="java.runtime.version" value="1.7.0_67-b01"/>
    <property name="IM4JAVA_TOOLPATH" value="C:\Program Files\ImageMagick-6.9.0-0-Q16-x86-windows;C:\Program Files\ImageMagick-6.9.0-0-Q16-x86-windows\compare;C:\Program Files\ImageMagick-6.9.0-0-Q16-x86-windows\composite;C:\Program Files\ImageMagick-6.9.0-0-Q16-x86-windows\conjure;C:\Program Files\ImageMagick-6.9.0-0-Q16-x86-windows\convert;C:\Program Files\ImageMagick-6.9.0-0-Q16-x86-windows\identify;C:\Program Files\ImageMagick-6.9.0-0-Q16-x86-windows\mogrify;C:\Program Files\ImageMagick-6.9.0-0-Q16-x86-windows\montage;C:\Program Files\ImageMagick-6.9.0-0-Q16-x86-windows\stream;C:\Program Files\ImageMagick-6.9.0-0-Q16-x86-windows"/>
    <property name="user.name" value="XPN-VM$"/>
    <property name="guice.disable.misplaced.annotation.check" value="true"/>
    <property name="ProgramFiles" value="C:\Program Files"/>
    <property name="user.language" value="en"/>
    <property name="BUILD_DISPLAY_NAME" value="#20"/>
    <property name="sun.boot.library.path" value="C:\Program Files\Java\jdk1.7.0_07\jre\bin"/>
    <property name="GIT_PREVIOUS_SUCCESSFUL_COMMIT" value="2f74099e0b9ee284871704ebd7e332d6d8fadd47"/>
    <property name="LOCALAPPDATA" value="C:\Windows\system32\config\systemprofile\AppData\Local"/>
    <property name="java.version" value="1.7.0_67"/>
    <property name="PROCESSOR_LEVEL" value="6"/>
    <property name="user.timezone" value="America/Denver"/>
    <property name="USERNAME" value="XPN-VM$"/>
    <property name="sun.arch.data.model" value="32"/>
    <property name="NODE_NAME" value="master"/>
    <property name="java.endorsed.dirs" value="C:\Program Files\Java\jdk1.7.0_07\jre\lib\endorsed"/>
    <property name="BUILD_ID" value="20"/>
    <property name="sun.cpu.isalist" value="pentium_pro+mmx pentium_pro pentium+mmx pentium i486 i386 i86"/>
    <property name="sun.jnu.encoding" value="Cp1252"/>
    <property name="file.encoding.pkg" value="sun.io"/>
    <property name="file.separator" value="\"/>
    <property name="java.specification.name" value="Java Platform API Specification"/>
    <property name="java.class.version" value="51.0"/>
    <property name="org.slf4j.simpleLogger.defaultLogLevel" value="info"/>
    <property name="user.country" value="US"/>
    <property name="LR_PATH" value="C:\Program Files\HP\LoadRunner\"/>
    <property name="LOG_FILE" value="C:\Users\TestVM\AppData\Local\Temp\\ihp_custom_batches.log"/>
    <property name="ALLUSERSPROFILE" value="C:\ProgramData"/>
    <property name="java.home" value="C:\Program Files\Java\jdk1.7.0_07\jre"/>
    <property name="java.vm.info" value="mixed mode"/>
    <property name="os.version" value="6.1"/>
    <property name="POM_VERSION" value="1.0"/>
    <property name="TMP" value="C:\Windows\TEMP"/>
    <property name="path.separator" value=";"/>
    <property name="java.vm.version" value="24.65-b04"/>
    <property name="user.variant" value=""/>
    <property name="GIT_PREVIOUS_COMMIT" value="2f74099e0b9ee284871704ebd7e332d6d8fadd47"/>
    <property name="VUGEN_PATH" value="C:\Program Files\HP\LoadRunner\"/>
    <property name="java.awt.printerjob" value="sun.awt.windows.WPrinterJob"/>
    <property name="FP_NO_HOST_CHECK" value="NO"/>
    <property name="JAVA_HOME" value="C:\Program Files\Java\jdk1.7.0_07"/>
    <property name="sun.io.unicode.encoding" value="UnicodeLittle"/>
    <property name="CommonProgramFiles" value="C:\Program Files\Common Files"/>
    <property name="ComSpec" value="C:\Windows\system32\cmd.exe"/>
    <property name="awt.toolkit" value="sun.awt.windows.WToolkit"/>
    <property name="POM_PACKAGING" value="jar"/>
    <property name="SERVICE_ID" value="jenkins"/>
    <property name="COMPUTERNAME" value="XPN-VM"/>
    <property name="user.script" value=""/>
    <property name="POM_GROUPID" value="com.tutorials"/>
    <property name="PUBLIC" value="C:\Users\Public"/>
    <property name="user.home" value="C:\Windows\System32\config\systemprofile"/>
    <property name="BUILD_TAG" value="jenkins-_Run Selenium-20"/>
    <property name="JENKINS_SERVER_COOKIE" value="cbb50deead534daf"/>
    <property name="HUDSON_URL" value="http://localhost:8080/"/>
    <property name="ProgramData" value="C:\ProgramData"/>
    <property name="java.specification.vendor" value="Oracle Corporation"/>
    <property name="USERPROFILE" value="C:\Windows\system32\config\systemprofile"/>
    <property name="CLASSPATH" value=""/>
    <property name="java.vendor.url" value="http://java.oracle.com/"/>
    <property name="java.library.path" value="C:\Program Files\Java\jdk1.7.0_07\bin;C:\Windows\Sun\Java\bin;C:\Windows\system32;C:\Windows;C:\Program Files\Apache Software Foundation\apache-maven-3.2.2-bin\apache-maven-3.2.2\/bin;C:\Program Files\Java\jdk1.7.0_07/bin;C:\Program Files\Java\jdk1.7.0_07/bin;C:\Program Files\ImageMagick-6.9.0-0-Q16-x86-windows;C:\Program Files\ImageMagick-6.9.0-0-Q16-x86-windows\compare;C:\Program Files\ImageMagick-6.9.0-0-Q16-x86-windows\composite;C:\Program Files\ImageMagick-6.9.0-0-Q16-x86-windows\conjure;C:\Program Files\ImageMagick-6.9.0-0-Q16-x86-windows\convert;C:\Program Files\ImageMagick-6.9.0-0-Q16-x86-windows\identify;C:\Program Files\ImageMagick-6.9.0-0-Q16-x86-windows\mogrify;C:\Program Files\ImageMagick-6.9.0-0-Q16-x86-windows\montage;C:\Program Files\ImageMagick-6.9.0-0-Q16-x86-windows\stream;C:\Program Files\ImageMagick-6.9.0-0-Q16-x86-windows;C:\Windows\system32;C:\Windows;C:\Windows\System32\Wbem;C:\Windows\System32\WindowsPowerShell\v1.0\;C:\Program Files\Java\jdk1.7.0_07\bin;C:\Program Files\Apache Software Foundation\apache-maven-3.2.2-bin\apache-maven-3.2.2\bin;C:\Program Files\OpenVPN\bin;C:\Program Files\TortoiseGit\bin;C:\adt-bundle-windows-x86-20140702\adt-bundle-windows-x86-20140702\sdk\platform-tools;C:\adt-bundle-windows-x86-20140702\adt-bundle-windows-x86-20140702\sdk\tools;C:\Program Files\HP\LoadRunner\strawberry-perl\perl\bin;C:\Program Files\Microsoft SQL Server\110\Tools\Binn\;C:\Program Files\Microsoft SDKs\TypeScript\1.0\;C:\Program Files\Microsoft SQL Server\120\Tools\Binn\;C:\Program Files\TortoiseSVN\bin;C:\Ruby200\bin\ruby.exe,C:\Softwares\IEDriverServer.exe, C:\Softwares\chromedriver.exe;;."/>
    <property name="java.vm.vendor" value="Oracle Corporation"/>
    <property name="APPDATA" value="C:\Windows\system32\config\systemprofile\AppData\Roaming"/>
    <property name="java.runtime.name" value="Java(TM) SE Runtime Environment"/>
    <property name="maven.home" value="C:\Program Files\Apache Software Foundation\apache-maven-3.2.2-bin\apache-maven-3.2.2"/>
    <property name="java.class.path" value="C:\Program Files\Jenkins\plugins\maven-plugin\WEB-INF\lib\maven31-agent-1.5.jar;C:\Program Files\Apache Software Foundation\apache-maven-3.2.2-bin\apache-maven-3.2.2\boot\plexus-classworlds-2.5.1.jar;C:\Program Files\Apache Software Foundation\apache-maven-3.2.2-bin\apache-maven-3.2.2/conf/logging"/>
    <property name="sun.java.command" value="jenkins.maven3.agent.Maven31Main C:\Program Files\Apache Software Foundation\apache-maven-3.2.2-bin\apache-maven-3.2.2\ C:\Program Files\Jenkins\war\WEB-INF\lib\remoting-2.53.2.jar C:\Program Files\Jenkins\plugins\maven-plugin\WEB-INF\lib\maven31-interceptor-1.5.jar C:\Program Files\Jenkins\plugins\maven-plugin\WEB-INF\lib\maven3-interceptor-commons-1.5.jar 2512"/>
    <property name="LG_PATH" value="C:\Program Files\HP\LoadRunner\"/>
    <property name="Path" value="C:\Program Files\Java\jdk1.7.0_07/bin;C:\Program Files\ImageMagick-6.9.0-0-Q16-x86-windows;C:\Program Files\ImageMagick-6.9.0-0-Q16-x86-windows\compare;C:\Program Files\ImageMagick-6.9.0-0-Q16-x86-windows\composite;C:\Program Files\ImageMagick-6.9.0-0-Q16-x86-windows\conjure;C:\Program Files\ImageMagick-6.9.0-0-Q16-x86-windows\convert;C:\Program Files\ImageMagick-6.9.0-0-Q16-x86-windows\identify;C:\Program Files\ImageMagick-6.9.0-0-Q16-x86-windows\mogrify;C:\Program Files\ImageMagick-6.9.0-0-Q16-x86-windows\montage;C:\Program Files\ImageMagick-6.9.0-0-Q16-x86-windows\stream;C:\Program Files\ImageMagick-6.9.0-0-Q16-x86-windows;C:\Windows\system32;C:\Windows;C:\Windows\System32\Wbem;C:\Windows\System32\WindowsPowerShell\v1.0\;C:\Program Files\Java\jdk1.7.0_07\bin;C:\Program Files\Apache Software Foundation\apache-maven-3.2.2-bin\apache-maven-3.2.2\bin;C:\Program Files\OpenVPN\bin;C:\Program Files\TortoiseGit\bin;C:\adt-bundle-windows-x86-20140702\adt-bundle-windows-x86-20140702\sdk\platform-tools;C:\adt-bundle-windows-x86-20140702\adt-bundle-windows-x86-20140702\sdk\tools;C:\Program Files\HP\LoadRunner\strawberry-perl\perl\bin;C:\Program Files\Microsoft SQL Server\110\Tools\Binn\;C:\Program Files\Microsoft SDKs\TypeScript\1.0\;C:\Program Files\Microsoft SQL Server\120\Tools\Binn\;C:\Program Files\TortoiseSVN\bin;C:\Ruby200\bin\ruby.exe,C:\Softwares\IEDriverServer.exe, C:\Softwares\chromedriver.exe;"/>
    <property name="VS120COMNTOOLS" value="C:\Program Files\Microsoft Visual Studio 12.0\Common7\Tools\"/>
    <property name="java.vm.specification.name" value="Java Virtual Machine Specification"/>
    <property name="PROCESSOR_ARCHITECTURE" value="x86"/>
    <property name="PATH+JDK" value="C:\Program Files\Java\jdk1.7.0_07/bin"/>
    <property name="PROCESSOR_IDENTIFIER" value="x86 Family 6 Model 69 Stepping 1, GenuineIntel"/>
    <property name="java.vm.specification.version" value="1.7"/>
    <property name="sun.os.patch.level" value="Service Pack 1"/>
    <property name="sun.cpu.endian" value="little"/>
    <property name="M2_HOME" value="C:\Program Files\Apache Software Foundation\apache-maven-3.2.2-bin\apache-maven-3.2.2\"/>
    <property name="java.io.tmpdir" value="C:\Windows\TEMP\"/>
    <property name="OS" value="Windows_NT"/>
    <property name="HUDSON_HOME" value="C:\Program Files\Jenkins"/>
    <property name="PATH+MAVEN" value="C:\Program Files\Apache Software Foundation\apache-maven-3.2.2-bin\apache-maven-3.2.2\/bin"/>
    <property name="BUILD_URL" value="http://localhost:8080/job/_Run%20Selenium/20/"/>
    <property name="java.vendor.url.bug" value="http://bugreport.sun.com/bugreport/"/>
    <property name="java.awt.graphicsenv" value="sun.awt.Win32GraphicsEnvironment"/>
    <property name="os.arch" value="x86"/>
    <property name="SystemRoot" value="C:\Windows"/>
    <property name="windows_tracing_flags" value="3"/>
    <property name="java.ext.dirs" value="C:\Program Files\Java\jdk1.7.0_07\jre\lib\ext;C:\Windows\Sun\Java\lib\ext"/>
    <property name="user.dir" value="C:\XpanxionSeleniumClass\SeleniumClass\Week6b-Grid-And-Jenkins"/>
    <property name="JOB_URL" value="http://localhost:8080/job/_Run%20Selenium/"/>
    <property name="USERDOMAIN" value="WORKGROUP"/>
    <property name="line.separator" value="&#10;"/>
    <property name="MAVEN_HOME" value="C:\Program Files\Apache Software Foundation\apache-maven-3.2.2-bin\apache-maven-3.2.2\"/>
    <property name="java.vm.name" value="Java HotSpot(TM) Client VM"/>
    <property name="BUILD_NUMBER" value="20"/>
    <property name="BASE" value="C:\Program Files\Jenkins"/>
    <property name="ANDROID_HOME" value="C:\adt-bundle-windows-x86-20140702\adt-bundle-windows-x86-20140702\sdk"/>
    <property name="JENKINS_URL" value="http://localhost:8080/"/>
    <property name="PROCESSOR_REVISION" value="4501"/>
    <property name="GIT_BRANCH" value="origin/master"/>
    <property name="ANALYSIS_PATH" value="C:\Program Files\HP\LoadRunner\"/>
    <property name="windir" value="C:\Windows"/>
    <property name="GIT_COMMIT" value="2f74099e0b9ee284871704ebd7e332d6d8fadd47"/>
    <property name="file.encoding" value="Cp1252"/>
    <property name="SystemDrive" value="C:"/>
    <property name="maven3.interceptor" value="C:\Program Files\Jenkins\plugins\maven-plugin\WEB-INF\lib\maven31-interceptor-1.5.jar"/>
    <property name="WORKSPACE" value="C:\Program Files\Jenkins\workspace\_Run Selenium"/>
    <property name="maven3.interceptor.common" value="C:\Program Files\Jenkins\plugins\maven-plugin\WEB-INF\lib\maven3-interceptor-commons-1.5.jar"/>
    <property name="WINSW_EXECUTABLE" value="C:\Program Files\Jenkins\jenkins.exe"/>
    <property name="java.specification.version" value="1.7"/>
    <property name="PSModulePath" value="C:\Windows\system32\WindowsPowerShell\v1.0\Modules\"/>
    <property name="GIT_URL" value="https://github.com/ckauffman/SeleniumClass"/>
  </properties>
  <testcase name="testProjectByIE" classname="TestBrowsers" time="600.315">
    <error message="Could not start a new session. Possible causes are invalid address of the remote server or browser start-up failure.&#10;Build info: version: &apos;2.44.0&apos;, revision: &apos;76d78cf323ce037c5f92db6c1bba601c2ac43ad8&apos;, time: &apos;2014-10-23 13:11:40&apos;&#10;System info: host: &apos;XPN-VM&apos;, ip: &apos;192.168.237.136&apos;, os.name: &apos;Windows 7&apos;, os.arch: &apos;x86&apos;, os.version: &apos;6.1&apos;, java.version: &apos;1.7.0_67&apos;&#10;Driver info: driver.version: RemoteWebDriver" type="org.openqa.selenium.remote.UnreachableBrowserException"><![CDATA[org.openqa.selenium.remote.UnreachableBrowserException: Could not start a new session. Possible causes are invalid address of the remote server or browser start-up failure.
Build info: version: '2.44.0', revision: '76d78cf323ce037c5f92db6c1bba601c2ac43ad8', time: '2014-10-23 13:11:40'
System info: host: 'XPN-VM', ip: '192.168.237.136', os.name: 'Windows 7', os.arch: 'x86', os.version: '6.1', java.version: '1.7.0_67'
Driver info: driver.version: RemoteWebDriver
	at java.net.SocketInputStream.read(Unknown Source)
	at java.net.SocketInputStream.read(Unknown Source)
	at org.apache.http.impl.io.SessionInputBufferImpl.streamRead(SessionInputBufferImpl.java:136)
	at org.apache.http.impl.io.SessionInputBufferImpl.fillBuffer(SessionInputBufferImpl.java:152)
	at org.apache.http.impl.io.SessionInputBufferImpl.readLine(SessionInputBufferImpl.java:270)
	at org.apache.http.impl.conn.DefaultHttpResponseParser.parseHead(DefaultHttpResponseParser.java:140)
	at org.apache.http.impl.conn.DefaultHttpResponseParser.parseHead(DefaultHttpResponseParser.java:57)
	at org.apache.http.impl.io.AbstractMessageParser.parse(AbstractMessageParser.java:260)
	at org.apache.http.impl.DefaultBHttpClientConnection.receiveResponseHeader(DefaultBHttpClientConnection.java:161)
	at org.apache.http.impl.conn.CPoolProxy.receiveResponseHeader(CPoolProxy.java:153)
	at org.apache.http.protocol.HttpRequestExecutor.doReceiveResponse(HttpRequestExecutor.java:271)
	at org.apache.http.protocol.HttpRequestExecutor.execute(HttpRequestExecutor.java:123)
	at org.apache.http.impl.execchain.MainClientExec.execute(MainClientExec.java:254)
	at org.apache.http.impl.execchain.ProtocolExec.execute(ProtocolExec.java:195)
	at org.apache.http.impl.execchain.RetryExec.execute(RetryExec.java:86)
	at org.apache.http.impl.execchain.RedirectExec.execute(RedirectExec.java:108)
	at org.apache.http.impl.client.InternalHttpClient.doExecute(InternalHttpClient.java:184)
	at org.apache.http.impl.client.CloseableHttpClient.execute(CloseableHttpClient.java:72)
	at org.apache.http.impl.client.CloseableHttpClient.execute(CloseableHttpClient.java:57)
	at org.openqa.selenium.remote.HttpCommandExecutor.fallBackExecute(HttpCommandExecutor.java:215)
	at org.openqa.selenium.remote.HttpCommandExecutor.execute(HttpCommandExecutor.java:184)
	at org.openqa.selenium.remote.RemoteWebDriver.execute(RemoteWebDriver.java:572)
	at org.openqa.selenium.remote.RemoteWebDriver.startSession(RemoteWebDriver.java:240)
	at org.openqa.selenium.remote.RemoteWebDriver.<init>(RemoteWebDriver.java:126)
	at org.openqa.selenium.remote.RemoteWebDriver.<init>(RemoteWebDriver.java:153)
	at RunBrowser.<init>(RunBrowser.java:46)
	at TestBrowsers.testProjectByBrowser(TestBrowsers.java:11)
	at TestBrowsers.testProjectByIE(TestBrowsers.java:32)
]]></error>
  </testcase>
  <testcase name="testProjectByFirefox" classname="TestBrowsers" time="56.535"/>
  <testcase name="testProjectByChrome" classname="TestBrowsers" time="56.393"/>
</testsuite>